{"logTime": "0508/145035", "correlationVector":"8CPO+DZMqkc7yEaHT1PTw1.50","action":"GetUpdates", "result":"DeleteReceived", "context":{"id":"ad1ce375-1a27-4610-9958-fd0e9c257857", "isDeleted:":"true", "version":"1681709193657"}}
{"logTime": "0508/145035", "correlationVector":"8CPO+DZMqkc7yEaHT1PTw1.51","action":"GetUpdates", "result":"DeleteReceived", "context":{"id":"d95fd19f-05c0-4ca0-80da-4dda95946bf3", "isDeleted:":"true", "version":"1681709224165"}}
{"logTime": "0508/145035", "correlationVector":"8CPO+DZMqkc7yEaHT1PTw1.52","action":"GetUpdates", "result":"DeleteReceived", "context":{"id":"80041646-7faf-4577-85a8-2f8b395bea01", "isDeleted:":"true", "version":"1681709224167"}}
{"logTime": "0508/145035", "correlationVector":"8CPO+DZMqkc7yEaHT1PTw1.53","action":"GetUpdates", "result":"DeleteReceived", "context":{"id":"02939420-31d5-4b96-95e1-c0e35a6e59a4", "isDeleted:":"true", "version":"1681709709156"}}
{"logTime": "0508/145035", "correlationVector":"8CPO+DZMqkc7yEaHT1PTw1.54","action":"GetUpdates", "result":"DeleteReceived", "context":{"id":"d0aa4eb6-6699-48a2-a9a7-0d3a00259ae3", "isDeleted:":"true", "version":"1681709741177"}}
{"logTime": "0508/145035", "correlationVector":"8CPO+DZMqkc7yEaHT1PTw1.55","action":"GetUpdates", "result":"DeleteReceived", "context":{"id":"a7b83aae-8dd2-4260-8d6f-7ca041f39523", "isDeleted:":"true", "version":"1681709741178"}}
{"logTime": "0508/145035", "correlationVector":"8CPO+DZMqkc7yEaHT1PTw1.56","action":"GetUpdates", "result":"DeleteReceived", "context":{"id":"a6d12be1-7e00-48c8-83a8-760440a0d91f", "isDeleted:":"true", "version":"1681710258743"}}
{"logTime": "0508/145035", "correlationVector":"8CPO+DZMqkc7yEaHT1PTw1.57","action":"GetUpdates", "result":"DeleteReceived", "context":{"id":"3eb64a16-ea4a-4713-bbf0-7e69c7ff179f", "isDeleted:":"true", "version":"1681710699202"}}
{"logTime": "0508/145035", "correlationVector":"8CPO+DZMqkc7yEaHT1PTw1.58","action":"GetUpdates", "result":"DeleteReceived", "context":{"id":"9d246af0-7a10-4973-bf73-ee00a4a8710c", "isDeleted:":"true", "version":"1681710734452"}}
{"logTime": "0508/145035", "correlationVector":"8CPO+DZMqkc7yEaHT1PTw1.59","action":"GetUpdates", "result":"DeleteReceived", "context":{"id":"bd36a58b-7ae3-4279-9d6d-d546c501d8f3", "isDeleted:":"true", "version":"1681710734454"}}
{"logTime": "0508/145035", "correlationVector":"8CPO+DZMqkc7yEaHT1PTw1.60","action":"GetUpdates", "result":"DeleteReceived", "context":{"id":"af766fe0-2024-4ea1-9373-079da93f63e4", "isDeleted:":"true", "version":"1681710943864"}}
{"logTime": "0508/145035", "correlationVector":"8CPO+DZMqkc7yEaHT1PTw1.61","action":"GetUpdates", "result":"DeleteReceived", "context":{"id":"1f1d963e-0243-47f5-b97c-ac3a14573027", "isDeleted:":"true", "version":"1681711029833"}}
{"logTime": "0508/145035", "correlationVector":"8CPO+DZMqkc7yEaHT1PTw1.62","action":"GetUpdates", "result":"DeleteReceived", "context":{"id":"a5ff0ab3-95a6-4555-8a67-fa5f171dc14b", "isDeleted:":"true", "version":"1681778109824"}}
{"logTime": "0508/145035", "correlationVector":"8CPO+DZMqkc7yEaHT1PTw1.63","action":"GetUpdates", "result":"DeleteReceived", "context":{"id":"287d75e4-91f3-49a6-beb7-d41cb9070354", "isDeleted:":"true", "version":"1681778365245"}}
{"logTime": "0508/145035", "correlationVector":"8CPO+DZMqkc7yEaHT1PTw1.64","action":"GetUpdates", "result":"DeleteReceived", "context":{"id":"0165c7a9-270b-4b1d-9d71-900db4edf9a7", "isDeleted:":"true", "version":"1681778657094"}}
{"logTime": "0508/145035", "correlationVector":"8CPO+DZMqkc7yEaHT1PTw1.65","action":"GetUpdates", "result":"DeleteReceived", "context":{"id":"64252638-140c-4e18-8838-b8495f4c09a7", "isDeleted:":"true", "version":"1681778700766"}}
{"logTime": "0508/145035", "correlationVector":"8CPO+DZMqkc7yEaHT1PTw1.66","action":"GetUpdates", "result":"DeleteReceived", "context":{"id":"99ae2500-920a-40fb-be87-97646ad25b48", "isDeleted:":"true", "version":"1681778817269"}}
{"logTime": "0508/145035", "correlationVector":"8CPO+DZMqkc7yEaHT1PTw1.67","action":"GetUpdates", "result":"DeleteReceived", "context":{"id":"c4b5861e-8247-4e07-91a7-e898c3ead539", "isDeleted:":"true", "version":"1681778817270"}}
{"logTime": "0508/145035", "correlationVector":"8CPO+DZMqkc7yEaHT1PTw1.68","action":"GetUpdates", "result":"DeleteReceived", "context":{"id":"30efdad1-3a72-485c-ab67-712dfd1d6ff2", "isDeleted:":"true", "version":"1681778817271"}}
{"logTime": "0508/145035", "correlationVector":"8CPO+DZMqkc7yEaHT1PTw1.69","action":"GetUpdates", "result":"DeleteReceived", "context":{"id":"4e4773fd-e612-4b92-92b4-97d852fb7548", "isDeleted:":"true", "version":"1681778817272"}}
{"logTime": "0508/145035", "correlationVector":"8CPO+DZMqkc7yEaHT1PTw1.70","action":"GetUpdates", "result":"DeleteReceived", "context":{"id":"c7e7d230-9b24-4c6a-9983-46318018995e", "isDeleted:":"true", "version":"1681778817273"}}
{"logTime": "0508/145035", "correlationVector":"8CPO+DZMqkc7yEaHT1PTw1.71","action":"GetUpdates", "result":"DeleteReceived", "context":{"id":"d9014192-0170-4e16-8d4f-f2cdf8d4a181", "isDeleted:":"true", "version":"1681778817275"}}
{"logTime": "0508/145035", "correlationVector":"8CPO+DZMqkc7yEaHT1PTw1.72","action":"GetUpdates", "result":"DeleteReceived", "context":{"id":"20355989-e4b8-4da9-b225-10aff9ed83e9", "isDeleted:":"true", "version":"1681778817277"}}
{"logTime": "0508/145035", "correlationVector":"8CPO+DZMqkc7yEaHT1PTw1.73","action":"GetUpdates", "result":"DeleteReceived", "context":{"id":"110dc77b-db46-4fc4-9b61-4f30eb15cf25", "isDeleted:":"true", "version":"1681787071074"}}
{"logTime": "0508/145035", "correlationVector":"8CPO+DZMqkc7yEaHT1PTw1.74","action":"GetUpdates", "result":"DeleteReceived", "context":{"id":"7beb9b1b-6bd4-432c-81d7-20368e7d1a13", "isDeleted:":"true", "version":"1681787071075"}}
{"logTime": "0508/145035", "correlationVector":"8CPO+DZMqkc7yEaHT1PTw1.75","action":"GetUpdates", "result":"DeleteReceived", "context":{"id":"044b8589-cc7d-4f3f-9725-aca4df8e8295", "isDeleted:":"true", "version":"1681787071077"}}
{"logTime": "0508/145035", "correlationVector":"8CPO+DZMqkc7yEaHT1PTw1.76","action":"GetUpdates", "result":"DeleteReceived", "context":{"id":"1d4c6ffb-32e5-421b-98a3-f52908b90cb9", "isDeleted:":"true", "version":"1681787071078"}}
{"logTime": "0508/145035", "correlationVector":"8CPO+DZMqkc7yEaHT1PTw1.77","action":"GetUpdates", "result":"DeleteReceived", "context":{"id":"88de116c-6221-4d8e-b4b7-b49909aa4321", "isDeleted:":"true", "version":"1681789781494"}}
{"logTime": "0508/145035", "correlationVector":"8CPO+DZMqkc7yEaHT1PTw1.78","action":"GetUpdates", "result":"DeleteReceived", "context":{"id":"e3d16c9f-6f4a-459b-adfd-b31abb229807", "isDeleted:":"true", "version":"1681789781495"}}
{"logTime": "0508/145035", "correlationVector":"8CPO+DZMqkc7yEaHT1PTw1.79","action":"GetUpdates", "result":"DeleteReceived", "context":{"id":"ebd6b921-266f-4ae8-a1ed-be524b60fc85", "isDeleted:":"true", "version":"1681790483151"}}
{"logTime": "0508/145035", "correlationVector":"8CPO+DZMqkc7yEaHT1PTw1.80","action":"GetUpdates", "result":"DeleteReceived", "context":{"id":"f050ddb8-1967-429e-84fc-8dfebd7e9b91", "isDeleted:":"true", "version":"1681791457951"}}
{"logTime": "0508/145035", "correlationVector":"8CPO+DZMqkc7yEaHT1PTw1.81","action":"GetUpdates", "result":"DeleteReceived", "context":{"id":"c42647c5-0af3-4681-8a0b-e86d05f7b6af", "isDeleted:":"true", "version":"1681791457952"}}
{"logTime": "0508/145035", "correlationVector":"8CPO+DZMqkc7yEaHT1PTw1.82","action":"GetUpdates", "result":"DeleteReceived", "context":{"id":"08dfd393-f192-47a7-84be-f9778ed676a0", "isDeleted:":"true", "version":"1681791503510"}}
{"logTime": "0508/145035", "correlationVector":"8CPO+DZMqkc7yEaHT1PTw1.83","action":"GetUpdates", "result":"DeleteReceived", "context":{"id":"18f19fd9-5d87-492e-b0fe-d9ff0f314383", "isDeleted:":"true", "version":"1681796705607"}}
{"logTime": "0508/145035", "correlationVector":"8CPO+DZMqkc7yEaHT1PTw1.84","action":"GetUpdates", "result":"DeleteReceived", "context":{"id":"e548ca82-6960-4d47-9f04-7574cd41c4c6", "isDeleted:":"true", "version":"1681796705608"}}
{"logTime": "0508/145035", "correlationVector":"8CPO+DZMqkc7yEaHT1PTw1.85","action":"GetUpdates", "result":"DeleteReceived", "context":{"id":"4f4bc9a7-4bcb-4942-9c8a-dd7a8952b548", "isDeleted:":"true", "version":"1681796705610"}}
{"logTime": "0508/145035", "correlationVector":"8CPO+DZMqkc7yEaHT1PTw1.86","action":"GetUpdates", "result":"DeleteReceived", "context":{"id":"386e1307-7d0a-4187-95c9-e92f11a8812b", "isDeleted:":"true", "version":"1681796705611"}}
{"logTime": "0508/145035", "correlationVector":"8CPO+DZMqkc7yEaHT1PTw1.87","action":"GetUpdates", "result":"DeleteReceived", "context":{"id":"02646709-e0cf-4805-b76c-d9f5a4ba45db", "isDeleted:":"true", "version":"1681799349112"}}
{"logTime": "0508/145035", "correlationVector":"8CPO+DZMqkc7yEaHT1PTw1.88","action":"GetUpdates", "result":"DeleteReceived", "context":{"id":"d16c8716-7988-42a5-97ed-5de6ad3253c5", "isDeleted:":"true", "version":"1681799349113"}}
{"logTime": "0508/145035", "correlationVector":"8CPO+DZMqkc7yEaHT1PTw1.89","action":"GetUpdates", "result":"DeleteReceived", "context":{"id":"276fe91c-0690-4b23-901e-3811e50e0151", "isDeleted:":"true", "version":"1681799446649"}}
{"logTime": "0508/145035", "correlationVector":"8CPO+DZMqkc7yEaHT1PTw1.90","action":"GetUpdates", "result":"DeleteReceived", "context":{"id":"688a4e26-9076-4e65-97c7-1a8f4edbf53c", "isDeleted:":"true", "version":"1681799954642"}}
{"logTime": "0508/145035", "correlationVector":"8CPO+DZMqkc7yEaHT1PTw1.91","action":"GetUpdates", "result":"DeleteReceived", "context":{"id":"b6935c9a-bd15-416d-803e-c500613c5913", "isDeleted:":"true", "version":"1681800306500"}}
{"logTime": "0508/145035", "correlationVector":"8CPO+DZMqkc7yEaHT1PTw1.92","action":"GetUpdates", "result":"DeleteReceived", "context":{"id":"a873a87c-7438-4c0a-9324-1f00e3513d71", "isDeleted:":"true", "version":"1681800306501"}}
{"logTime": "0508/145035", "correlationVector":"8CPO+DZMqkc7yEaHT1PTw1.93","action":"GetUpdates", "result":"DeleteReceived", "context":{"id":"9d9f561f-fc74-4678-a2d4-566c44b89a58", "isDeleted:":"true", "version":"1681800306503"}}
{"logTime": "0508/145035", "correlationVector":"8CPO+DZMqkc7yEaHT1PTw1.94","action":"GetUpdates", "result":"DeleteReceived", "context":{"id":"dd23faba-8de8-44da-b679-da7c046a92a8", "isDeleted:":"true", "version":"1681800647820"}}
{"logTime": "0508/145035", "correlationVector":"8CPO+DZMqkc7yEaHT1PTw1.95","action":"GetUpdates", "result":"DeleteReceived", "context":{"id":"d3e9f555-a418-4a5e-a872-0e890c1ec651", "isDeleted:":"true", "version":"1681800647821"}}
{"logTime": "0508/145035", "correlationVector":"8CPO+DZMqkc7yEaHT1PTw1.96","action":"GetUpdates", "result":"DeleteReceived", "context":{"id":"448e9239-aa1c-448b-a0ed-77fdeb2ed1ad", "isDeleted:":"true", "version":"1681800842333"}}
{"logTime": "0508/145035", "correlationVector":"8CPO+DZMqkc7yEaHT1PTw1.97","action":"GetUpdates", "result":"DeleteReceived", "context":{"id":"478def40-d7c1-493c-b99f-561747870f8f", "isDeleted:":"true", "version":"1681804546622"}}
{"logTime": "0508/145035", "correlationVector":"8CPO+DZMqkc7yEaHT1PTw1.98","action":"GetUpdates", "result":"DeleteReceived", "context":{"id":"3ac88617-999a-4851-bba5-b5d86c8d3f69", "isDeleted:":"true", "version":"1681804546623"}}
{"logTime": "0508/145035", "correlationVector":"8CPO+DZMqkc7yEaHT1PTw1.99","action":"GetUpdates", "result":"DeleteReceived", "context":{"id":"d743ff8f-6470-4d8d-884f-c4a14a883e92", "isDeleted:":"true", "version":"1681804546624"}}
{"logTime": "0508/145035", "correlationVector":"8CPO+DZMqkc7yEaHT1PTw1.100","action":"GetUpdates", "result":"DeleteReceived", "context":{"id":"a1f322e2-4b0f-458c-aa75-25cae798f107", "isDeleted:":"true", "version":"1681804546626"}}
{"logTime": "0508/145035", "correlationVector":"8CPO+DZMqkc7yEaHT1PTw1.101","action":"GetUpdates", "result":"DeleteReceived", "context":{"id":"d54953b3-c06b-4021-8364-882693a11cba", "isDeleted:":"true", "version":"1681805176765"}}
{"logTime": "0508/145035", "correlationVector":"8CPO+DZMqkc7yEaHT1PTw1.102","action":"GetUpdates", "result":"DeleteReceived", "context":{"id":"9963acdd-ed5e-49f7-b1ce-80bd90bfc094", "isDeleted:":"true", "version":"1681805176767"}}
{"logTime": "0508/145035", "correlationVector":"8CPO+DZMqkc7yEaHT1PTw1.103","action":"GetUpdates", "result":"DeleteReceived", "context":{"id":"4e97aec9-06a4-444d-a963-cf21bfce98be", "isDeleted:":"true", "version":"1681805302146"}}
{"logTime": "0508/145035", "correlationVector":"8CPO+DZMqkc7yEaHT1PTw1.104","action":"GetUpdates", "result":"DeleteReceived", "context":{"id":"c71369d7-2c7c-43fd-876e-471227f69b91", "isDeleted:":"true", "version":"1681805302148"}}
{"logTime": "0508/145035", "correlationVector":"8CPO+DZMqkc7yEaHT1PTw1.105","action":"GetUpdates", "result":"DeleteReceived", "context":{"id":"d839fb4c-189c-428c-9c73-a4beceb522c4", "isDeleted:":"true", "version":"1681856565480"}}
{"logTime": "0508/145035", "correlationVector":"8CPO+DZMqkc7yEaHT1PTw1.106","action":"GetUpdates", "result":"DeleteReceived", "context":{"id":"d3693760-6552-4fc3-b90b-be2562707683", "isDeleted:":"true", "version":"1681857227654"}}
{"logTime": "0508/145035", "correlationVector":"8CPO+DZMqkc7yEaHT1PTw1.107","action":"GetUpdates", "result":"DeleteReceived", "context":{"id":"195df82b-78be-432a-822c-7f6d8e22619c", "isDeleted:":"true", "version":"1681857349382"}}
{"logTime": "0508/145035", "correlationVector":"8CPO+DZMqkc7yEaHT1PTw1.108","action":"GetUpdates", "result":"DeleteReceived", "context":{"id":"6c93517b-a1b1-415a-b786-84346b41263a", "isDeleted:":"true", "version":"1681857349383"}}
{"logTime": "0508/145035", "correlationVector":"8CPO+DZMqkc7yEaHT1PTw1.109","action":"GetUpdates", "result":"DeleteReceived", "context":{"id":"75a93fc3-49d8-4906-92bd-3fd27564ad90", "isDeleted:":"true", "version":"1681857501425"}}
{"logTime": "0508/145035", "correlationVector":"8CPO+DZMqkc7yEaHT1PTw1.110","action":"GetUpdates", "result":"DeleteReceived", "context":{"id":"b28cae46-d3df-40e5-8c57-cb1f9b10d660", "isDeleted:":"true", "version":"1681857905461"}}
{"logTime": "0508/145035", "correlationVector":"8CPO+DZMqkc7yEaHT1PTw1.111","action":"GetUpdates", "result":"DeleteReceived", "context":{"id":"8514f8a5-8bff-4f85-a514-f084f496a5d5", "isDeleted:":"true", "version":"1681858363956"}}
{"logTime": "0508/145035", "correlationVector":"8CPO+DZMqkc7yEaHT1PTw1.112","action":"GetUpdates", "result":"DeleteReceived", "context":{"id":"c78f22ce-0c8a-4198-a205-f46d1b54152d", "isDeleted:":"true", "version":"1681858431532"}}
{"logTime": "0508/145035", "correlationVector":"8CPO+DZMqkc7yEaHT1PTw1.113","action":"GetUpdates", "result":"DeleteReceived", "context":{"id":"48a37995-78b7-45d2-a200-d40d54a683bb", "isDeleted:":"true", "version":"1681858507874"}}
{"logTime": "0508/145035", "correlationVector":"8CPO+DZMqkc7yEaHT1PTw1.114","action":"GetUpdates", "result":"DeleteReceived", "context":{"id":"e49a56b7-fbf6-47dc-9d6a-2e7e739245a3", "isDeleted:":"true", "version":"1681858827955"}}
{"logTime": "0508/145035", "correlationVector":"8CPO+DZMqkc7yEaHT1PTw1.115","action":"GetUpdates", "result":"DeleteReceived", "context":{"id":"6417514f-1c09-480e-a628-e69a8b3944d5", "isDeleted:":"true", "version":"1681861021200"}}
{"logTime": "0508/145035", "correlationVector":"8CPO+DZMqkc7yEaHT1PTw1.116","action":"GetUpdates", "result":"DeleteReceived", "context":{"id":"c0264ee3-a12a-4835-b984-8f1df0e47035", "isDeleted:":"true", "version":"1681861021201"}}
{"logTime": "0508/145035", "correlationVector":"8CPO+DZMqkc7yEaHT1PTw1.117","action":"GetUpdates", "result":"DeleteReceived", "context":{"id":"7b497a47-2f27-4127-ba55-e72187b03578", "isDeleted:":"true", "version":"1681861320268"}}
{"logTime": "0508/145035", "correlationVector":"8CPO+DZMqkc7yEaHT1PTw1.118","action":"GetUpdates", "result":"DeleteReceived", "context":{"id":"19c7718c-8f40-4720-9b4a-3768f17b0d90", "isDeleted:":"true", "version":"1681861320269"}}
{"logTime": "0508/145035", "correlationVector":"8CPO+DZMqkc7yEaHT1PTw1.119","action":"GetUpdates", "result":"DeleteReceived", "context":{"id":"5775b70a-ad06-459b-8e54-65229b947c01", "isDeleted:":"true", "version":"1681861369108"}}
{"logTime": "0508/145035", "correlationVector":"8CPO+DZMqkc7yEaHT1PTw1.120","action":"GetUpdates", "result":"DeleteReceived", "context":{"id":"54cf0045-f90b-4843-bf01-f0f7e56127d9", "isDeleted:":"true", "version":"1681877978858"}}
{"logTime": "0508/145035", "correlationVector":"8CPO+DZMqkc7yEaHT1PTw1.121","action":"GetUpdates", "result":"DeleteReceived", "context":{"id":"8d935534-0628-4582-8c25-e62815d50cb9", "isDeleted:":"true", "version":"1681878476515"}}
{"logTime": "0508/145035", "correlationVector":"8CPO+DZMqkc7yEaHT1PTw1.122","action":"GetUpdates", "result":"DeleteReceived", "context":{"id":"5343b8f3-3bbf-4562-954f-17230465a34f", "isDeleted:":"true", "version":"1681879380948"}}
{"logTime": "0508/145035", "correlationVector":"8CPO+DZMqkc7yEaHT1PTw1.123","action":"GetUpdates", "result":"DeleteReceived", "context":{"id":"53c6b252-e02f-4a68-9efb-294bf0a6a89d", "isDeleted:":"true", "version":"1681879413229"}}
{"logTime": "0508/145035", "correlationVector":"8CPO+DZMqkc7yEaHT1PTw1.124","action":"GetUpdates", "result":"DeleteReceived", "context":{"id":"c63d47f0-51b1-452c-b6b5-dee847e94e40", "isDeleted:":"true", "version":"1681880216860"}}
{"logTime": "0508/145035", "correlationVector":"8CPO+DZMqkc7yEaHT1PTw1.125","action":"GetUpdates", "result":"DeleteReceived", "context":{"id":"08fe35e0-6aab-434a-987c-011cbde8f7a1", "isDeleted:":"true", "version":"1681880216861"}}
{"logTime": "0508/145035", "correlationVector":"8CPO+DZMqkc7yEaHT1PTw1.126","action":"GetUpdates", "result":"DeleteReceived", "context":{"id":"6d2e6889-d031-4a21-81d4-a12e98290f14", "isDeleted:":"true", "version":"1681880216862"}}
{"logTime": "0508/145035", "correlationVector":"8CPO+DZMqkc7yEaHT1PTw1.127","action":"GetUpdates", "result":"DeleteReceived", "context":{"id":"c94dde53-ba91-4bd4-9612-77dead90ca65", "isDeleted:":"true", "version":"1681880216865"}}
{"logTime": "0508/145035", "correlationVector":"8CPO+DZMqkc7yEaHT1PTw1.128","action":"GetUpdates", "result":"DeleteReceived", "context":{"id":"afc4791b-c4de-4c5a-8ca1-eb9c3f0350d2", "isDeleted:":"true", "version":"1681880445562"}}
{"logTime": "0508/145035", "correlationVector":"8CPO+DZMqkc7yEaHT1PTw1.129","action":"GetUpdates", "result":"DeleteReceived", "context":{"id":"18abd42d-50b8-4199-b755-2e94b606b988", "isDeleted:":"true", "version":"1681882158234"}}
{"logTime": "0508/145035", "correlationVector":"8CPO+DZMqkc7yEaHT1PTw1.130","action":"GetUpdates", "result":"DeleteReceived", "context":{"id":"86e4557d-c61f-4418-9f23-1f60ddabe59b", "isDeleted:":"true", "version":"1681882398947"}}
{"logTime": "0508/145035", "correlationVector":"8CPO+DZMqkc7yEaHT1PTw1.131","action":"GetUpdates", "result":"DeleteReceived", "context":{"id":"753a9bc8-7f95-44a3-997f-f62773dedede", "isDeleted:":"true", "version":"1681886798942"}}
{"logTime": "0508/145035", "correlationVector":"8CPO+DZMqkc7yEaHT1PTw1.132","action":"GetUpdates", "result":"DeleteReceived", "context":{"id":"2e1705c0-1a30-465a-acc9-d6d3a0947244", "isDeleted:":"true", "version":"1682041470498"}}
{"logTime": "0508/145035", "correlationVector":"8CPO+DZMqkc7yEaHT1PTw1.133","action":"GetUpdates", "result":"DeleteReceived", "context":{"id":"f049d747-a218-4859-8c81-5009f38da557", "isDeleted:":"true", "version":"1682041719647"}}
{"logTime": "0508/145035", "correlationVector":"8CPO+DZMqkc7yEaHT1PTw1.134","action":"GetUpdates", "result":"DeleteReceived", "context":{"id":"cd5b62f1-9fa7-4eca-bf9a-3bfdba9f07ac", "isDeleted:":"true", "version":"1682042155763"}}
{"logTime": "0508/145035", "correlationVector":"8CPO+DZMqkc7yEaHT1PTw1.135","action":"GetUpdates", "result":"DeleteReceived", "context":{"id":"237be656-5dfe-46b1-8aad-2e077af94895", "isDeleted:":"true", "version":"1682061723732"}}
{"logTime": "0508/145035", "correlationVector":"8CPO+DZMqkc7yEaHT1PTw1.136","action":"GetUpdates", "result":"DeleteReceived", "context":{"id":"722bcc0c-a1ce-448e-8d12-9e2fe4b788a3", "isDeleted:":"true", "version":"1682065928704"}}
{"logTime": "0508/145035", "correlationVector":"8CPO+DZMqkc7yEaHT1PTw1.137","action":"GetUpdates", "result":"DeleteReceived", "context":{"id":"b0fa08a5-59cb-431b-8493-a0db75bab90b", "isDeleted:":"true", "version":"1682065928706"}}
{"logTime": "0508/145035", "correlationVector":"8CPO+DZMqkc7yEaHT1PTw1.138","action":"GetUpdates", "result":"DeleteReceived", "context":{"id":"038bb1e2-54cf-4867-90d4-0040fcab3d63", "isDeleted:":"true", "version":"1682065928707"}}
{"logTime": "0508/145036", "correlationVector":"8CPO+DZMqkc7yEaHT1PTw1.139","action":"GetUpdates", "result":"DeleteReceived", "context":{"id":"fb31d4ff-a0ec-4d57-8a94-deb164c33acb", "isDeleted:":"true", "version":"1682474378615"}}
{"logTime": "0508/145036", "correlationVector":"8CPO+DZMqkc7yEaHT1PTw1.140","action":"GetUpdates", "result":"DeleteReceived", "context":{"id":"c48f1e16-9ff7-4dd6-bde6-7e80702d1565", "isDeleted:":"true", "version":"1682474378617"}}
{"logTime": "0508/145036", "correlationVector":"8CPO+DZMqkc7yEaHT1PTw1.141","action":"GetUpdates", "result":"DeleteReceived", "context":{"id":"eb587962-cb7d-4d94-9b61-698e8c6cd14f", "isDeleted:":"true", "version":"1682474960128"}}
{"logTime": "0508/145036", "correlationVector":"8CPO+DZMqkc7yEaHT1PTw1.142","action":"GetUpdates", "result":"DeleteReceived", "context":{"id":"7ddc20e1-e00e-4d8a-b07d-03cba18b4cd5", "isDeleted:":"true", "version":"1682474960129"}}
{"logTime": "0508/145036", "correlationVector":"8CPO+DZMqkc7yEaHT1PTw1.143","action":"GetUpdates", "result":"DeleteReceived", "context":{"id":"f49bc7c2-fcfc-43e3-86eb-86ac8ce161fe", "isDeleted:":"true", "version":"1682475417669"}}
{"logTime": "0508/145036", "correlationVector":"8CPO+DZMqkc7yEaHT1PTw1.144","action":"GetUpdates", "result":"DeleteReceived", "context":{"id":"6bdfe565-042b-4038-9292-3c7dd2f36574", "isDeleted:":"true", "version":"1682475417672"}}
{"logTime": "0508/145036", "correlationVector":"8CPO+DZMqkc7yEaHT1PTw1.145","action":"GetUpdates", "result":"DeleteReceived", "context":{"id":"d952aa5f-df33-42b9-867e-76699b07b983", "isDeleted:":"true", "version":"1682475972024"}}
{"logTime": "0508/145036", "correlationVector":"8CPO+DZMqkc7yEaHT1PTw1.146","action":"GetUpdates", "result":"DeleteReceived", "context":{"id":"19fa440a-5a85-4ebe-9487-9ac0d56afd7e", "isDeleted:":"true", "version":"1682476111445"}}
{"logTime": "0508/145036", "correlationVector":"8CPO+DZMqkc7yEaHT1PTw1.147","action":"GetUpdates", "result":"DeleteReceived", "context":{"id":"3b3a79ec-12b6-4667-ad68-ccaba11dbead", "isDeleted:":"true", "version":"1682476111448"}}
{"logTime": "0508/145036", "correlationVector":"8CPO+DZMqkc7yEaHT1PTw1.148","action":"GetUpdates Response", "result":"SERVER_MORE_TO_DOWNLOAD", "context":Received 250 update(s).  Some updates remain.}
{"logTime": "0508/145036", "correlationVector":"zRJOa+erAT9mbWa7b5Me2v","action":"Initial GetUpdates", "result":"", "context":Reason: RECONFIGURATION. cV=zRJOa+erAT9mbWa7b5Me2v}
{"logTime": "0508/145036", "correlationVector":"zRJOa+erAT9mbWa7b5Me2v.1","action":"SyncServerConnectionManagerRequest", "result":"SYNC_SERVER_OK", "context":{"environment":"Prod_SoutheastAsia_000j", "migrationStage":"NotStarted", "server":"GENERAL0100000Z"}}
{"logTime": "0508/145036", "correlationVector":"zRJOa+erAT9mbWa7b5Me2v.2","action":"GetUpdates", "result":"DeleteReceived", "context":{"id":"269e2fe2-d958-4227-9171-eed050739982", "isDeleted:":"true", "version":"1683553928231"}}
{"logTime": "0508/145036", "correlationVector":"zRJOa+erAT9mbWa7b5Me2v.3","action":"GetUpdates", "result":"DeleteReceived", "context":{"id":"5b2478f1-1279-408a-a48d-3963aa770854", "isDeleted:":"true", "version":"1682479684361"}}
{"logTime": "0508/145036", "correlationVector":"zRJOa+erAT9mbWa7b5Me2v.4","action":"GetUpdates", "result":"DeleteReceived", "context":{"id":"19480189-c859-43dc-86e9-6752cf90e0e2", "isDeleted:":"true", "version":"1682480258455"}}
{"logTime": "0508/145036", "correlationVector":"zRJOa+erAT9mbWa7b5Me2v.5","action":"GetUpdates", "result":"DeleteReceived", "context":{"id":"eec999a4-ee8c-467c-a574-7072246fa87d", "isDeleted:":"true", "version":"1682480258457"}}
{"logTime": "0508/145036", "correlationVector":"zRJOa+erAT9mbWa7b5Me2v.6","action":"GetUpdates", "result":"DeleteReceived", "context":{"id":"04f11ff2-7afd-4cc3-a495-c126b704d41c", "isDeleted:":"true", "version":"1682480258458"}}
{"logTime": "0508/145036", "correlationVector":"zRJOa+erAT9mbWa7b5Me2v.7","action":"GetUpdates", "result":"DeleteReceived", "context":{"id":"2636c135-6c9c-4579-8cb7-b5937aa4a723", "isDeleted:":"true", "version":"1682558604521"}}
{"logTime": "0508/145036", "correlationVector":"zRJOa+erAT9mbWa7b5Me2v.8","action":"GetUpdates", "result":"DeleteReceived", "context":{"id":"9f4ec4e2-99df-414f-aaa5-a87a6fe6ae38", "isDeleted:":"true", "version":"1682558604524"}}
{"logTime": "0508/145036", "correlationVector":"zRJOa+erAT9mbWa7b5Me2v.9","action":"GetUpdates", "result":"DeleteReceived", "context":{"id":"d7ea3109-6b01-4476-a368-9320eddaafe8", "isDeleted:":"true", "version":"1682559322318"}}
{"logTime": "0508/145036", "correlationVector":"zRJOa+erAT9mbWa7b5Me2v.10","action":"GetUpdates", "result":"DeleteReceived", "context":{"id":"1b0a9ae2-8bf6-4d09-8e06-9571ed99711a", "isDeleted:":"true", "version":"1682559322321"}}
{"logTime": "0508/145036", "correlationVector":"zRJOa+erAT9mbWa7b5Me2v.11","action":"GetUpdates", "result":"DeleteReceived", "context":{"id":"bfea4273-56f0-400c-a45b-88c9b9e44d5e", "isDeleted:":"true", "version":"1682559429742"}}
{"logTime": "0508/145036", "correlationVector":"zRJOa+erAT9mbWa7b5Me2v.12","action":"GetUpdates", "result":"DeleteReceived", "context":{"id":"495d9cf4-a0ce-4eb6-9a2f-53feca5ceb6e", "isDeleted:":"true", "version":"1682559429744"}}
{"logTime": "0508/145036", "correlationVector":"zRJOa+erAT9mbWa7b5Me2v.13","action":"GetUpdates", "result":"DeleteReceived", "context":{"id":"e3604e01-8700-464a-a646-b79d0fcdcf90", "isDeleted:":"true", "version":"1682922195161"}}
{"logTime": "0508/145036", "correlationVector":"zRJOa+erAT9mbWa7b5Me2v.14","action":"GetUpdates", "result":"DeleteReceived", "context":{"id":"89c7f6c5-aa6d-4513-9bb8-3d7b5b5f2e07", "isDeleted:":"true", "version":"1682922251163"}}
{"logTime": "0508/145036", "correlationVector":"zRJOa+erAT9mbWa7b5Me2v.15","action":"GetUpdates", "result":"DeleteReceived", "context":{"id":"e05593a8-cdf7-48a8-a77b-74c0a486bf50", "isDeleted:":"true", "version":"1682923645876"}}
{"logTime": "0508/145036", "correlationVector":"zRJOa+erAT9mbWa7b5Me2v.16","action":"GetUpdates", "result":"DeleteReceived", "context":{"id":"5d1d4faf-530a-48bb-99af-8adfba766f7a", "isDeleted:":"true", "version":"1682924267952"}}
{"logTime": "0508/145036", "correlationVector":"zRJOa+erAT9mbWa7b5Me2v.17","action":"GetUpdates", "result":"DeleteReceived", "context":{"id":"02a85141-637e-40af-aee4-8f056c61d4b9", "isDeleted:":"true", "version":"1682926999008"}}
{"logTime": "0508/145036", "correlationVector":"zRJOa+erAT9mbWa7b5Me2v.18","action":"GetUpdates", "result":"DeleteReceived", "context":{"id":"cd58bbd2-0b59-4b10-89ce-bcc20533fc6e", "isDeleted:":"true", "version":"1682926999010"}}
{"logTime": "0508/145036", "correlationVector":"zRJOa+erAT9mbWa7b5Me2v.19","action":"GetUpdates", "result":"DeleteReceived", "context":{"id":"70025059-0a53-4de3-8f80-6f2d862308d2", "isDeleted:":"true", "version":"1682927055219"}}
{"logTime": "0508/145036", "correlationVector":"zRJOa+erAT9mbWa7b5Me2v.20","action":"GetUpdates", "result":"DeleteReceived", "context":{"id":"54234fc0-3806-464a-8c05-99e6cda584a0", "isDeleted:":"true", "version":"1682927055221"}}
{"logTime": "0508/145036", "correlationVector":"zRJOa+erAT9mbWa7b5Me2v.21","action":"GetUpdates", "result":"DeleteReceived", "context":{"id":"e41235f6-8a71-459e-9371-a01fe1bf80f4", "isDeleted:":"true", "version":"1683117156559"}}
{"logTime": "0508/145036", "correlationVector":"zRJOa+erAT9mbWa7b5Me2v.22","action":"GetUpdates", "result":"DeleteReceived", "context":{"id":"9aa35336-74c5-467d-9c0b-4c0070fe11a8", "isDeleted:":"true", "version":"1683118883059"}}
{"logTime": "0508/145036", "correlationVector":"zRJOa+erAT9mbWa7b5Me2v.23","action":"GetUpdates", "result":"DeleteReceived", "context":{"id":"e2de0c49-dac2-469f-8198-e5afa5efbc18", "isDeleted:":"true", "version":"1683442278278"}}
{"logTime": "0508/145036", "correlationVector":"zRJOa+erAT9mbWa7b5Me2v.24","action":"GetUpdates", "result":"DeleteReceived", "context":{"id":"3a4154ff-b71f-4ae9-80a1-5bd5cc1da5b6", "isDeleted:":"true", "version":"1683442319592"}}
{"logTime": "0508/145036", "correlationVector":"zRJOa+erAT9mbWa7b5Me2v.25","action":"GetUpdates", "result":"DeleteReceived", "context":{"id":"cb299433-0685-4260-8f37-0539a8387fdb", "isDeleted:":"true", "version":"1683442319593"}}
{"logTime": "0508/145036", "correlationVector":"zRJOa+erAT9mbWa7b5Me2v.26","action":"GetUpdates", "result":"DeleteReceived", "context":{"id":"aa690c03-7f33-4669-9f92-c8d8ab663328", "isDeleted:":"true", "version":"1683461898151"}}
{"logTime": "0508/145036", "correlationVector":"zRJOa+erAT9mbWa7b5Me2v.27","action":"GetUpdates", "result":"DeleteReceived", "context":{"id":"c0ca342d-d4ac-4ec9-8392-92c912d12dbb", "isDeleted:":"true", "version":"1683511843424"}}
{"logTime": "0508/145036", "correlationVector":"zRJOa+erAT9mbWa7b5Me2v.28","action":"GetUpdates", "result":"DeleteReceived", "context":{"id":"57226fcc-bc98-4b42-8ac3-91a2e85af1ea", "isDeleted:":"true", "version":"1683511843425"}}
{"logTime": "0508/145036", "correlationVector":"zRJOa+erAT9mbWa7b5Me2v.29","action":"GetUpdates", "result":"DeleteReceived", "context":{"id":"3cbefae9-557c-4632-808a-f2dbfe8c6dc5", "isDeleted:":"true", "version":"1683511843427"}}
{"logTime": "0508/145036", "correlationVector":"zRJOa+erAT9mbWa7b5Me2v.30","action":"GetUpdates", "result":"DeleteReceived", "context":{"id":"b793db61-f011-493e-ae93-43c0279d802c", "isDeleted:":"true", "version":"1683511843428"}}
{"logTime": "0508/145036", "correlationVector":"zRJOa+erAT9mbWa7b5Me2v.31","action":"GetUpdates", "result":"DeleteReceived", "context":{"id":"12b4a47b-c7cb-4971-9fcf-b0053b68ba9c", "isDeleted:":"true", "version":"1683511897616"}}
{"logTime": "0508/145036", "correlationVector":"zRJOa+erAT9mbWa7b5Me2v.32","action":"GetUpdates", "result":"DeleteReceived", "context":{"id":"53ee23ed-52b4-4e64-9a32-834b5fd71e8c", "isDeleted:":"true", "version":"1683511955291"}}
{"logTime": "0508/145036", "correlationVector":"zRJOa+erAT9mbWa7b5Me2v.33","action":"GetUpdates", "result":"DeleteReceived", "context":{"id":"a11280c3-79ff-449e-aa29-7b1bc53904e5", "isDeleted:":"true", "version":"1683513767471"}}
{"logTime": "0508/145036", "correlationVector":"zRJOa+erAT9mbWa7b5Me2v.34","action":"GetUpdates", "result":"DeleteReceived", "context":{"id":"8587a4d3-5f27-4b35-b3d5-b780a3f7d63b", "isDeleted:":"true", "version":"1683513767472"}}
{"logTime": "0508/145036", "correlationVector":"zRJOa+erAT9mbWa7b5Me2v.35","action":"GetUpdates", "result":"DeleteReceived", "context":{"id":"7afb5ffb-b15f-4cdb-ad32-7607e05f8bb0", "isDeleted:":"true", "version":"1683513767475"}}
{"logTime": "0508/145036", "correlationVector":"zRJOa+erAT9mbWa7b5Me2v.36","action":"GetUpdates", "result":"DeleteReceived", "context":{"id":"64e43a33-5318-4e90-b1ff-006c035cd03b", "isDeleted:":"true", "version":"1683513767476"}}
{"logTime": "0508/145036", "correlationVector":"zRJOa+erAT9mbWa7b5Me2v.37","action":"GetUpdates", "result":"DeleteReceived", "context":{"id":"f1e21e72-0213-4719-8ee7-5921889b4089", "isDeleted:":"true", "version":"1683518358931"}}
{"logTime": "0508/145036", "correlationVector":"zRJOa+erAT9mbWa7b5Me2v.38","action":"GetUpdates", "result":"DeleteReceived", "context":{"id":"4a59310e-d439-416b-9897-8ee1ac912509", "isDeleted:":"true", "version":"1683518849963"}}
{"logTime": "0508/145036", "correlationVector":"zRJOa+erAT9mbWa7b5Me2v.39","action":"GetUpdates", "result":"DeleteReceived", "context":{"id":"58689121-3fb7-4cdc-8b7e-7e228c848b89", "isDeleted:":"true", "version":"1683519650001"}}
{"logTime": "0508/145036", "correlationVector":"zRJOa+erAT9mbWa7b5Me2v.40","action":"GetUpdates", "result":"DeleteReceived", "context":{"id":"463f7384-367d-4200-99e4-43a01eed6c7f", "isDeleted:":"true", "version":"1683519749740"}}
{"logTime": "0508/145036", "correlationVector":"zRJOa+erAT9mbWa7b5Me2v.41","action":"GetUpdates", "result":"DeleteReceived", "context":{"id":"19d43d80-2156-4b4e-b9e9-945b26e3f22f", "isDeleted:":"true", "version":"1683519863035"}}
{"logTime": "0508/145036", "correlationVector":"zRJOa+erAT9mbWa7b5Me2v.42","action":"GetUpdates", "result":"DeleteReceived", "context":{"id":"ed98afb6-00fc-4906-a5f7-053c0d3ad0f9", "isDeleted:":"true", "version":"1683519863037"}}
{"logTime": "0508/145036", "correlationVector":"zRJOa+erAT9mbWa7b5Me2v.43","action":"GetUpdates", "result":"DeleteReceived", "context":{"id":"3551393a-f171-48ee-9d9c-f8da4aa03903", "isDeleted:":"true", "version":"1683519863038"}}
{"logTime": "0508/145036", "correlationVector":"zRJOa+erAT9mbWa7b5Me2v.44","action":"GetUpdates", "result":"DeleteReceived", "context":{"id":"b3d1fc25-0eb9-4885-bc48-f8c6fa5edebe", "isDeleted:":"true", "version":"1683520495730"}}
{"logTime": "0508/145036", "correlationVector":"zRJOa+erAT9mbWa7b5Me2v.45","action":"GetUpdates", "result":"DeleteReceived", "context":{"id":"576e55ec-8da5-4092-ae6c-a049f96f9fe1", "isDeleted:":"true", "version":"1683520717409"}}
{"logTime": "0508/145036", "correlationVector":"zRJOa+erAT9mbWa7b5Me2v.46","action":"GetUpdates", "result":"DeleteReceived", "context":{"id":"3f52d898-3dfa-4fe6-ab38-06dccfd69070", "isDeleted:":"true", "version":"1683520717411"}}
{"logTime": "0508/145036", "correlationVector":"zRJOa+erAT9mbWa7b5Me2v.47","action":"GetUpdates", "result":"DeleteReceived", "context":{"id":"afdabb9c-a678-4d68-a8e0-a55e9e719759", "isDeleted:":"true", "version":"1683521020271"}}
{"logTime": "0508/145036", "correlationVector":"zRJOa+erAT9mbWa7b5Me2v.48","action":"GetUpdates", "result":"DeleteReceived", "context":{"id":"2bf677df-31c4-478a-aa9e-a067e6102d6d", "isDeleted:":"true", "version":"1683521020272"}}
{"logTime": "0508/145036", "correlationVector":"zRJOa+erAT9mbWa7b5Me2v.49","action":"GetUpdates", "result":"DeleteReceived", "context":{"id":"c702f975-4dbb-4cc1-b1da-d8b460740509", "isDeleted:":"true", "version":"1683521020273"}}
{"logTime": "0508/145036", "correlationVector":"zRJOa+erAT9mbWa7b5Me2v.50","action":"GetUpdates", "result":"DeleteReceived", "context":{"id":"eec4b5f8-8037-4c01-b886-64b412a257a1", "isDeleted:":"true", "version":"1683521020275"}}
{"logTime": "0508/145036", "correlationVector":"zRJOa+erAT9mbWa7b5Me2v.51","action":"GetUpdates", "result":"DeleteReceived", "context":{"id":"86b82640-a80c-4eb8-9cd1-4c3c7e4bde73", "isDeleted:":"true", "version":"1683521091233"}}
{"logTime": "0508/145036", "correlationVector":"zRJOa+erAT9mbWa7b5Me2v.52","action":"GetUpdates", "result":"DeleteReceived", "context":{"id":"394689f7-0119-4287-9873-a94bb2583efc", "isDeleted:":"true", "version":"1683521443069"}}
{"logTime": "0508/145036", "correlationVector":"zRJOa+erAT9mbWa7b5Me2v.53","action":"GetUpdates", "result":"DeleteReceived", "context":{"id":"8d91fe68-6ab4-4011-9ed8-d2246d7e9347", "isDeleted:":"true", "version":"1683521667118"}}
{"logTime": "0508/145036", "correlationVector":"zRJOa+erAT9mbWa7b5Me2v.54","action":"GetUpdates", "result":"DeleteReceived", "context":{"id":"7d84dbed-1357-46ae-9319-abbf56f2ca0a", "isDeleted:":"true", "version":"1683523007417"}}
{"logTime": "0508/145036", "correlationVector":"zRJOa+erAT9mbWa7b5Me2v.55","action":"GetUpdates", "result":"DeleteReceived", "context":{"id":"170c14c2-90f5-4761-a192-92128f51dd4b", "isDeleted:":"true", "version":"1683523453072"}}
{"logTime": "0508/145036", "correlationVector":"zRJOa+erAT9mbWa7b5Me2v.56","action":"GetUpdates", "result":"DeleteReceived", "context":{"id":"c95002da-df32-45fd-90c9-46c683863479", "isDeleted:":"true", "version":"1683523703607"}}
{"logTime": "0508/145036", "correlationVector":"zRJOa+erAT9mbWa7b5Me2v.57","action":"GetUpdates", "result":"DeleteReceived", "context":{"id":"aac73409-2a2f-4fd7-9481-76c6985e8a0a", "isDeleted:":"true", "version":"1683525410280"}}
{"logTime": "0508/145036", "correlationVector":"zRJOa+erAT9mbWa7b5Me2v.58","action":"GetUpdates", "result":"DeleteReceived", "context":{"id":"ea1dc70f-a6c4-4b42-8170-8f62def4abe1", "isDeleted:":"true", "version":"1683526684611"}}
{"logTime": "0508/145036", "correlationVector":"zRJOa+erAT9mbWa7b5Me2v.59","action":"GetUpdates", "result":"DeleteReceived", "context":{"id":"a7d2d8c0-75fd-4906-9a38-08d9303ff8de", "isDeleted:":"true", "version":"1683528989317"}}
{"logTime": "0508/145036", "correlationVector":"zRJOa+erAT9mbWa7b5Me2v.60","action":"GetUpdates", "result":"DeleteReceived", "context":{"id":"54113f4a-de51-4aa4-83d4-38b5e97ea664", "isDeleted:":"true", "version":"1683530067588"}}
{"logTime": "0508/145036", "correlationVector":"zRJOa+erAT9mbWa7b5Me2v.61","action":"GetUpdates", "result":"DeleteReceived", "context":{"id":"cf106804-b959-45c0-b955-5c3d5a83528f", "isDeleted:":"true", "version":"1683530164931"}}
{"logTime": "0508/145036", "correlationVector":"zRJOa+erAT9mbWa7b5Me2v.62","action":"GetUpdates", "result":"DeleteReceived", "context":{"id":"2eef88d9-f955-4c8a-87e5-93f12cefec18", "isDeleted:":"true", "version":"1683532516516"}}
{"logTime": "0508/145036", "correlationVector":"zRJOa+erAT9mbWa7b5Me2v.63","action":"GetUpdates", "result":"DeleteReceived", "context":{"id":"0278bbf0-a18b-4beb-bed2-db0f311c3a7b", "isDeleted:":"true", "version":"1683532580705"}}
{"logTime": "0508/145036", "correlationVector":"zRJOa+erAT9mbWa7b5Me2v.64","action":"GetUpdates", "result":"DeleteReceived", "context":{"id":"c1cf82c3-3f1e-480f-b096-07dac2e25140", "isDeleted:":"true", "version":"1683532786361"}}
{"logTime": "0508/145036", "correlationVector":"zRJOa+erAT9mbWa7b5Me2v.65","action":"GetUpdates", "result":"DeleteReceived", "context":{"id":"ef304766-44a4-4fab-adb9-b0d9cfbf1b78", "isDeleted:":"true", "version":"1683532830993"}}
{"logTime": "0508/145036", "correlationVector":"zRJOa+erAT9mbWa7b5Me2v.66","action":"GetUpdates", "result":"DeleteReceived", "context":{"id":"8c3d5afb-e7f4-4133-853d-702628cc00d4", "isDeleted:":"true", "version":"1683532830994"}}
{"logTime": "0508/145036", "correlationVector":"zRJOa+erAT9mbWa7b5Me2v.67","action":"GetUpdates", "result":"DeleteReceived", "context":{"id":"062267ae-233b-4ead-952e-cfa2135c1a04", "isDeleted:":"true", "version":"1683532830996"}}
{"logTime": "0508/145036", "correlationVector":"zRJOa+erAT9mbWa7b5Me2v.68","action":"GetUpdates", "result":"DeleteReceived", "context":{"id":"db4a9810-9cd1-4d50-b91f-17b4ab5922e5", "isDeleted:":"true", "version":"1683532989289"}}
{"logTime": "0508/145036", "correlationVector":"zRJOa+erAT9mbWa7b5Me2v.69","action":"GetUpdates", "result":"DeleteReceived", "context":{"id":"7599c21b-f321-4df5-a54a-a53eab6561d8", "isDeleted:":"true", "version":"1683533022112"}}
{"logTime": "0508/145036", "correlationVector":"zRJOa+erAT9mbWa7b5Me2v.70","action":"GetUpdates", "result":"DeleteReceived", "context":{"id":"8ed7324d-e6ef-4d9b-b052-a910583d200e", "isDeleted:":"true", "version":"1683533022115"}}
{"logTime": "0508/145036", "correlationVector":"zRJOa+erAT9mbWa7b5Me2v.71","action":"GetUpdates", "result":"DeleteReceived", "context":{"id":"98bcd0d2-88a3-4e55-8b18-20c3a7f014a6", "isDeleted:":"true", "version":"1683534692057"}}
{"logTime": "0508/145036", "correlationVector":"zRJOa+erAT9mbWa7b5Me2v.72","action":"GetUpdates", "result":"DeleteReceived", "context":{"id":"970bc1e8-ef7c-4617-a168-fe758560b5a7", "isDeleted:":"true", "version":"1683534692058"}}
{"logTime": "0508/145036", "correlationVector":"zRJOa+erAT9mbWa7b5Me2v.73","action":"GetUpdates", "result":"DeleteReceived", "context":{"id":"f29e01f6-d438-4ed1-9ffb-9430f1eb3a1b", "isDeleted:":"true", "version":"1683534692060"}}
{"logTime": "0508/145036", "correlationVector":"zRJOa+erAT9mbWa7b5Me2v.74","action":"GetUpdates", "result":"DeleteReceived", "context":{"id":"5e56e414-0fb3-480e-be2d-ead731b7dec8", "isDeleted:":"true", "version":"1683536740313"}}
{"logTime": "0508/145036", "correlationVector":"zRJOa+erAT9mbWa7b5Me2v.75","action":"GetUpdates", "result":"DeleteReceived", "context":{"id":"565b5cfa-9e01-493b-9d52-76d695090ae8", "isDeleted:":"true", "version":"1683536740314"}}
{"logTime": "0508/145036", "correlationVector":"zRJOa+erAT9mbWa7b5Me2v.76","action":"GetUpdates", "result":"DeleteReceived", "context":{"id":"ba9957f1-5316-433a-818d-54c63ba5d473", "isDeleted:":"true", "version":"1683536740318"}}
{"logTime": "0508/145036", "correlationVector":"zRJOa+erAT9mbWa7b5Me2v.77","action":"GetUpdates", "result":"DeleteReceived", "context":{"id":"fffcbbbd-dbea-45b5-a8d8-0dc047d80e25", "isDeleted:":"true", "version":"1683536740319"}}
{"logTime": "0508/145036", "correlationVector":"zRJOa+erAT9mbWa7b5Me2v.78","action":"GetUpdates", "result":"DeleteReceived", "context":{"id":"37eaf56b-78bb-43ba-ae7b-3f04d0f95668", "isDeleted:":"true", "version":"1683536740321"}}
{"logTime": "0508/145036", "correlationVector":"zRJOa+erAT9mbWa7b5Me2v.79","action":"GetUpdates", "result":"DeleteReceived", "context":{"id":"73339938-5080-42b9-8716-2d65130efd98", "isDeleted:":"true", "version":"1683536740322"}}
{"logTime": "0508/145036", "correlationVector":"zRJOa+erAT9mbWa7b5Me2v.80","action":"GetUpdates", "result":"DeleteReceived", "context":{"id":"a22a085c-8ce9-47f1-b5db-29ec4a81e2f6", "isDeleted:":"true", "version":"1683536740323"}}
{"logTime": "0508/145036", "correlationVector":"zRJOa+erAT9mbWa7b5Me2v.81","action":"GetUpdates", "result":"DeleteReceived", "context":{"id":"0933e491-8d1b-4a8b-81de-32362938fcb2", "isDeleted:":"true", "version":"1683536853783"}}
{"logTime": "0508/145036", "correlationVector":"zRJOa+erAT9mbWa7b5Me2v.82","action":"GetUpdates", "result":"DeleteReceived", "context":{"id":"bb175c4e-d9b2-48d3-bcc5-fe82370016a8", "isDeleted:":"true", "version":"1683536853784"}}
{"logTime": "0508/145036", "correlationVector":"zRJOa+erAT9mbWa7b5Me2v.83","action":"GetUpdates", "result":"DeleteReceived", "context":{"id":"1a16faaa-e3b7-4be0-88df-72f37e53606c", "isDeleted:":"true", "version":"1683536853785"}}
{"logTime": "0508/145036", "correlationVector":"zRJOa+erAT9mbWa7b5Me2v.84","action":"GetUpdates", "result":"DeleteReceived", "context":{"id":"6e471ebf-3cbb-4b4c-b6dd-bb5d3ee45fd4", "isDeleted:":"true", "version":"1683538485707"}}
{"logTime": "0508/145036", "correlationVector":"zRJOa+erAT9mbWa7b5Me2v.85","action":"GetUpdates", "result":"DeleteReceived", "context":{"id":"a75823cc-33f3-4658-8447-3797f0bdbc4d", "isDeleted:":"true", "version":"1683538485708"}}
{"logTime": "0508/145036", "correlationVector":"zRJOa+erAT9mbWa7b5Me2v.86","action":"GetUpdates", "result":"DeleteReceived", "context":{"id":"8259cbdb-fe47-4769-a46a-7b39a73e14da", "isDeleted:":"true", "version":"1683553925296"}}
{"logTime": "0508/145036", "correlationVector":"zRJOa+erAT9mbWa7b5Me2v.87","action":"GetUpdates Response", "result":"SERVER_MORE_TO_DOWNLOAD", "context":Received 250 update(s).  Some updates remain.}
{"logTime": "0508/145036", "correlationVector":"ZvzKcke075UTNlmbmkOgfX","action":"Initial GetUpdates", "result":"", "context":Reason: RECONFIGURATION. cV=ZvzKcke075UTNlmbmkOgfX}
{"logTime": "0508/145036", "correlationVector":"ZvzKcke075UTNlmbmkOgfX.1","action":"SyncServerConnectionManagerRequest", "result":"SYNC_SERVER_OK", "context":{"environment":"Prod_SoutheastAsia_000j", "migrationStage":"NotStarted", "server":"GENERAL01000018"}}
{"logTime": "0508/145036", "correlationVector":"ZvzKcke075UTNlmbmkOgfX.2","action":"GetUpdates", "result":"DeleteReceived", "context":{"id":"1670d212-8275-4216-a443-cf341c5c196a", "isDeleted:":"true", "version":"1683555262978"}}
{"logTime": "0508/145036", "correlationVector":"ZvzKcke075UTNlmbmkOgfX.3","action":"GetUpdates", "result":"DeleteReceived", "context":{"id":"d470b36e-7382-4c18-8604-d21c9478081a", "isDeleted:":"true", "version":"1683555262980"}}
{"logTime": "0508/145036", "correlationVector":"ZvzKcke075UTNlmbmkOgfX.4","action":"GetUpdates", "result":"DeleteReceived", "context":{"id":"c8f0e286-b341-42cc-a090-d83714a307ac", "isDeleted:":"true", "version":"1683555312810"}}
{"logTime": "0508/145036", "correlationVector":"ZvzKcke075UTNlmbmkOgfX.5","action":"GetUpdates", "result":"DeleteReceived", "context":{"id":"e89b1566-1fe0-4d1e-9a34-3dc95e0ba986", "isDeleted:":"true", "version":"1683555506705"}}
{"logTime": "0508/145036", "correlationVector":"ZvzKcke075UTNlmbmkOgfX.6","action":"GetUpdates", "result":"DeleteReceived", "context":{"id":"2f51df61-96c7-47fd-989e-745d11646453", "isDeleted:":"true", "version":"1683556669832"}}
{"logTime": "0508/145036", "correlationVector":"ZvzKcke075UTNlmbmkOgfX.7","action":"GetUpdates", "result":"DeleteReceived", "context":{"id":"cc375454-26f1-40c3-a357-f106ce67d745", "isDeleted:":"true", "version":"1683556669833"}}
{"logTime": "0508/145036", "correlationVector":"ZvzKcke075UTNlmbmkOgfX.8","action":"GetUpdates", "result":"DeleteReceived", "context":{"id":"62748f7e-5037-4288-b6fa-d5c6271830c0", "isDeleted:":"true", "version":"1683556669834"}}
{"logTime": "0508/145036", "correlationVector":"ZvzKcke075UTNlmbmkOgfX.9","action":"GetUpdates", "result":"DeleteReceived", "context":{"id":"3fcc0a57-cde2-44cd-8ded-86d453c1a446", "isDeleted:":"true", "version":"1683556669836"}}
{"logTime": "0508/145037", "correlationVector":"ZvzKcke075UTNlmbmkOgfX.10","action":"GetUpdates Response", "result":"SYNCER_OK", "context":Received 21 update(s). cV=ZvzKcke075UTNlmbmkOgfX.0;server=GENERAL01000018;cloudType=Consumer;environment=Prod_SoutheastAsia_000j;migrationStage=NotStarted}
{"logTime": "0508/145037", "correlationVector":"sO2zddH2c7iaUGKhuLHYn5","action":"Normal GetUpdate request", "result":"", "context":cV=sO2zddH2c7iaUGKhuLHYn5
Nudged types: Bookmarks, Sessions, Device Info
Refresh requested types: Bookmarks, Preferences, Passwords, Autofill Profiles, Autofill, Autofill Custom Data, Typed URLs, Extensions, Sessions, Extension settings, History Delete Directives, Device Info, User Consents, Send Tab To Self, Web Apps, Collection, Edge E Drop, Encryption Keys}
{"logTime": "0508/145037", "correlationVector":"sO2zddH2c7iaUGKhuLHYn5.1","action":"SyncServerConnectionManagerRequest", "result":"SYNC_SERVER_OK", "context":{"environment":"Prod_SoutheastAsia_000j", "migrationStage":"NotStarted", "server":"GENERAL0100000E"}}
{"logTime": "0508/145037", "correlationVector":"sO2zddH2c7iaUGKhuLHYn5.2","action":"GetUpdates Response", "result":"SYNCER_OK", "context":Received 0 update(s). cV=sO2zddH2c7iaUGKhuLHYn5.0;server=GENERAL0100000E;cloudType=Consumer;environment=Prod_SoutheastAsia_000j;migrationStage=NotStarted}
{"logTime": "0508/145037", "correlationVector":"1VvN+Furpw1MZox8KqA3ng","action":"Commit Request", "result":"", "context":Item count: 1
Contributing types: Device Info}
{"logTime": "0508/145037", "correlationVector":"1VvN+Furpw1MZox8KqA3ng.1","action":"SyncServerConnectionManagerRequest", "result":"SYNC_SERVER_OK", "context":{"environment":"Prod_SoutheastAsia_000j", "migrationStage":"NotStarted", "server":"general01000012"}}
{"logTime": "0508/145037", "correlationVector":"1VvN+Furpw1MZox8KqA3ng.2","action":"Commit Response", "result":"SYNCER_OK", "context":Result: SYNCER_OK. cV=1VvN+Furpw1MZox8KqA3ng.0;server=general01000012;cloudType=Consumer;environment=Prod_SoutheastAsia_000j;migrationStage=NotStarted}
{"logTime": "0508/145037", "correlationVector":"5q0LIHqZqMwjEYPqIIUHVw","action":"Commit Request", "result":"", "context":Item count: 8
Contributing types: Bookmarks, Sessions}
{"logTime": "0508/145038", "correlationVector":"5q0LIHqZqMwjEYPqIIUHVw.1","action":"SyncServerConnectionManagerRequest", "result":"SYNC_SERVER_OK", "context":{"environment":"Prod_SoutheastAsia_000j", "migrationStage":"NotStarted", "server":"GENERAL0100000L"}}
{"logTime": "0508/145038", "correlationVector":"5q0LIHqZqMwjEYPqIIUHVw.2","action":"Commit Response", "result":"SYNCER_OK", "context":Result: SYNCER_OK. cV=5q0LIHqZqMwjEYPqIIUHVw.0;server=GENERAL0100000L;cloudType=Consumer;environment=Prod_SoutheastAsia_000j;migrationStage=NotStarted}
{"logTime": "0508/145140", "correlationVector":"yx27r5USin9yQVR2adb5qY","action":"Commit Request", "result":"", "context":Item count: 2
Contributing types: Passwords}
{"logTime": "0508/145141", "correlationVector":"yx27r5USin9yQVR2adb5qY.1","action":"SyncServerConnectionManagerRequest", "result":"SYNC_SERVER_OK", "context":{"environment":"Prod_SoutheastAsia_000j", "migrationStage":"NotStarted", "server":"GENERAL0100001D"}}
{"logTime": "0508/145141", "correlationVector":"yx27r5USin9yQVR2adb5qY.2","action":"Commit Response", "result":"SYNCER_OK", "context":Result: SYNCER_OK. cV=yx27r5USin9yQVR2adb5qY.0;server=GENERAL0100001D;cloudType=Consumer;environment=Prod_SoutheastAsia_000j;migrationStage=NotStarted}
{"logTime": "0508/145239", "correlationVector":"7psIW1LZRLfYAYFqTCr1iV","action":"Normal GetUpdate request", "result":"", "context":cV=7psIW1LZRLfYAYFqTCr1iV
Notified types: Typed URLs}
{"logTime": "0508/145239", "correlationVector":"7psIW1LZRLfYAYFqTCr1iV.1","action":"SyncServerConnectionManagerRequest", "result":"SYNC_SERVER_OK", "context":{"environment":"Prod_SoutheastAsia_000j", "migrationStage":"NotStarted", "server":"GENERAL0100000G"}}
{"logTime": "0508/145240", "correlationVector":"7psIW1LZRLfYAYFqTCr1iV.2","action":"GetUpdates", "result":"DeleteReceived", "context":{"id":"269e2fe2-d958-4227-9171-eed050739982", "isDeleted:":"true", "version":"1683553928231"}}
{"logTime": "0508/145240", "correlationVector":"7psIW1LZRLfYAYFqTCr1iV.3","action":"GetUpdates", "result":"DeleteReceived", "context":{"id":"9aa35336-74c5-467d-9c0b-4c0070fe11a8", "isDeleted:":"true", "version":"1683118883059"}}
{"logTime": "0508/145240", "correlationVector":"7psIW1LZRLfYAYFqTCr1iV.4","action":"GetUpdates", "result":"DeleteReceived", "context":{"id":"e2de0c49-dac2-469f-8198-e5afa5efbc18", "isDeleted:":"true", "version":"1683442278278"}}
{"logTime": "0508/145240", "correlationVector":"7psIW1LZRLfYAYFqTCr1iV.5","action":"GetUpdates", "result":"DeleteReceived", "context":{"id":"3a4154ff-b71f-4ae9-80a1-5bd5cc1da5b6", "isDeleted:":"true", "version":"1683442319592"}}
{"logTime": "0508/145240", "correlationVector":"7psIW1LZRLfYAYFqTCr1iV.6","action":"GetUpdates", "result":"DeleteReceived", "context":{"id":"cb299433-0685-4260-8f37-0539a8387fdb", "isDeleted:":"true", "version":"1683442319593"}}
{"logTime": "0508/145240", "correlationVector":"7psIW1LZRLfYAYFqTCr1iV.7","action":"GetUpdates", "result":"DeleteReceived", "context":{"id":"aa690c03-7f33-4669-9f92-c8d8ab663328", "isDeleted:":"true", "version":"1683461898151"}}
{"logTime": "0508/145240", "correlationVector":"7psIW1LZRLfYAYFqTCr1iV.8","action":"GetUpdates", "result":"DeleteReceived", "context":{"id":"c0ca342d-d4ac-4ec9-8392-92c912d12dbb", "isDeleted:":"true", "version":"1683511843424"}}
{"logTime": "0508/145240", "correlationVector":"7psIW1LZRLfYAYFqTCr1iV.9","action":"GetUpdates", "result":"DeleteReceived", "context":{"id":"57226fcc-bc98-4b42-8ac3-91a2e85af1ea", "isDeleted:":"true", "version":"1683511843425"}}
{"logTime": "0508/145240", "correlationVector":"7psIW1LZRLfYAYFqTCr1iV.10","action":"GetUpdates", "result":"DeleteReceived", "context":{"id":"3cbefae9-557c-4632-808a-f2dbfe8c6dc5", "isDeleted:":"true", "version":"1683511843427"}}
{"logTime": "0508/145240", "correlationVector":"7psIW1LZRLfYAYFqTCr1iV.11","action":"GetUpdates", "result":"DeleteReceived", "context":{"id":"b793db61-f011-493e-ae93-43c0279d802c", "isDeleted:":"true", "version":"1683511843428"}}
{"logTime": "0508/145240", "correlationVector":"7psIW1LZRLfYAYFqTCr1iV.12","action":"GetUpdates", "result":"DeleteReceived", "context":{"id":"12b4a47b-c7cb-4971-9fcf-b0053b68ba9c", "isDeleted:":"true", "version":"1683511897616"}}
{"logTime": "0508/145240", "correlationVector":"7psIW1LZRLfYAYFqTCr1iV.13","action":"GetUpdates", "result":"DeleteReceived", "context":{"id":"53ee23ed-52b4-4e64-9a32-834b5fd71e8c", "isDeleted:":"true", "version":"1683511955291"}}
{"logTime": "0508/145240", "correlationVector":"7psIW1LZRLfYAYFqTCr1iV.14","action":"GetUpdates", "result":"DeleteReceived", "context":{"id":"a11280c3-79ff-449e-aa29-7b1bc53904e5", "isDeleted:":"true", "version":"1683513767471"}}
{"logTime": "0508/145240", "correlationVector":"7psIW1LZRLfYAYFqTCr1iV.15","action":"GetUpdates", "result":"DeleteReceived", "context":{"id":"8587a4d3-5f27-4b35-b3d5-b780a3f7d63b", "isDeleted:":"true", "version":"1683513767472"}}
{"logTime": "0508/145240", "correlationVector":"7psIW1LZRLfYAYFqTCr1iV.16","action":"GetUpdates", "result":"DeleteReceived", "context":{"id":"7afb5ffb-b15f-4cdb-ad32-7607e05f8bb0", "isDeleted:":"true", "version":"1683513767475"}}
{"logTime": "0508/145240", "correlationVector":"7psIW1LZRLfYAYFqTCr1iV.17","action":"GetUpdates", "result":"DeleteReceived", "context":{"id":"64e43a33-5318-4e90-b1ff-006c035cd03b", "isDeleted:":"true", "version":"1683513767476"}}
{"logTime": "0508/145240", "correlationVector":"7psIW1LZRLfYAYFqTCr1iV.18","action":"GetUpdates", "result":"DeleteReceived", "context":{"id":"f1e21e72-0213-4719-8ee7-5921889b4089", "isDeleted:":"true", "version":"1683518358931"}}
{"logTime": "0508/145240", "correlationVector":"7psIW1LZRLfYAYFqTCr1iV.19","action":"GetUpdates", "result":"DeleteReceived", "context":{"id":"4a59310e-d439-416b-9897-8ee1ac912509", "isDeleted:":"true", "version":"1683518849963"}}
{"logTime": "0508/145240", "correlationVector":"7psIW1LZRLfYAYFqTCr1iV.20","action":"GetUpdates", "result":"DeleteReceived", "context":{"id":"58689121-3fb7-4cdc-8b7e-7e228c848b89", "isDeleted:":"true", "version":"1683519650001"}}
{"logTime": "0508/145240", "correlationVector":"7psIW1LZRLfYAYFqTCr1iV.21","action":"GetUpdates", "result":"DeleteReceived", "context":{"id":"463f7384-367d-4200-99e4-43a01eed6c7f", "isDeleted:":"true", "version":"1683519749740"}}
{"logTime": "0508/145240", "correlationVector":"7psIW1LZRLfYAYFqTCr1iV.22","action":"GetUpdates", "result":"DeleteReceived", "context":{"id":"19d43d80-2156-4b4e-b9e9-945b26e3f22f", "isDeleted:":"true", "version":"1683519863035"}}
{"logTime": "0508/145240", "correlationVector":"7psIW1LZRLfYAYFqTCr1iV.23","action":"GetUpdates", "result":"DeleteReceived", "context":{"id":"ed98afb6-00fc-4906-a5f7-053c0d3ad0f9", "isDeleted:":"true", "version":"1683519863037"}}
{"logTime": "0508/145240", "correlationVector":"7psIW1LZRLfYAYFqTCr1iV.24","action":"GetUpdates", "result":"DeleteReceived", "context":{"id":"3551393a-f171-48ee-9d9c-f8da4aa03903", "isDeleted:":"true", "version":"1683519863038"}}
{"logTime": "0508/145240", "correlationVector":"7psIW1LZRLfYAYFqTCr1iV.25","action":"GetUpdates", "result":"DeleteReceived", "context":{"id":"b3d1fc25-0eb9-4885-bc48-f8c6fa5edebe", "isDeleted:":"true", "version":"1683520495730"}}
{"logTime": "0508/145240", "correlationVector":"7psIW1LZRLfYAYFqTCr1iV.26","action":"GetUpdates", "result":"DeleteReceived", "context":{"id":"576e55ec-8da5-4092-ae6c-a049f96f9fe1", "isDeleted:":"true", "version":"1683520717409"}}
{"logTime": "0508/145240", "correlationVector":"7psIW1LZRLfYAYFqTCr1iV.27","action":"GetUpdates", "result":"DeleteReceived", "context":{"id":"3f52d898-3dfa-4fe6-ab38-06dccfd69070", "isDeleted:":"true", "version":"1683520717411"}}
{"logTime": "0508/145240", "correlationVector":"7psIW1LZRLfYAYFqTCr1iV.28","action":"GetUpdates", "result":"DeleteReceived", "context":{"id":"afdabb9c-a678-4d68-a8e0-a55e9e719759", "isDeleted:":"true", "version":"1683521020271"}}
{"logTime": "0508/145240", "correlationVector":"7psIW1LZRLfYAYFqTCr1iV.29","action":"GetUpdates", "result":"DeleteReceived", "context":{"id":"2bf677df-31c4-478a-aa9e-a067e6102d6d", "isDeleted:":"true", "version":"1683521020272"}}
{"logTime": "0508/145240", "correlationVector":"7psIW1LZRLfYAYFqTCr1iV.30","action":"GetUpdates", "result":"DeleteReceived", "context":{"id":"c702f975-4dbb-4cc1-b1da-d8b460740509", "isDeleted:":"true", "version":"1683521020273"}}
{"logTime": "0508/145240", "correlationVector":"7psIW1LZRLfYAYFqTCr1iV.31","action":"GetUpdates", "result":"DeleteReceived", "context":{"id":"eec4b5f8-8037-4c01-b886-64b412a257a1", "isDeleted:":"true", "version":"1683521020275"}}
{"logTime": "0508/145240", "correlationVector":"7psIW1LZRLfYAYFqTCr1iV.32","action":"GetUpdates", "result":"DeleteReceived", "context":{"id":"86b82640-a80c-4eb8-9cd1-4c3c7e4bde73", "isDeleted:":"true", "version":"1683521091233"}}
{"logTime": "0508/145240", "correlationVector":"7psIW1LZRLfYAYFqTCr1iV.33","action":"GetUpdates", "result":"DeleteReceived", "context":{"id":"394689f7-0119-4287-9873-a94bb2583efc", "isDeleted:":"true", "version":"1683521443069"}}
{"logTime": "0508/145240", "correlationVector":"7psIW1LZRLfYAYFqTCr1iV.34","action":"GetUpdates", "result":"DeleteReceived", "context":{"id":"8d91fe68-6ab4-4011-9ed8-d2246d7e9347", "isDeleted:":"true", "version":"1683521667118"}}
{"logTime": "0508/145240", "correlationVector":"7psIW1LZRLfYAYFqTCr1iV.35","action":"GetUpdates", "result":"DeleteReceived", "context":{"id":"7d84dbed-1357-46ae-9319-abbf56f2ca0a", "isDeleted:":"true", "version":"1683523007417"}}
{"logTime": "0508/145240", "correlationVector":"7psIW1LZRLfYAYFqTCr1iV.36","action":"GetUpdates", "result":"DeleteReceived", "context":{"id":"170c14c2-90f5-4761-a192-92128f51dd4b", "isDeleted:":"true", "version":"1683523453072"}}
{"logTime": "0508/145240", "correlationVector":"7psIW1LZRLfYAYFqTCr1iV.37","action":"GetUpdates", "result":"DeleteReceived", "context":{"id":"c95002da-df32-45fd-90c9-46c683863479", "isDeleted:":"true", "version":"1683523703607"}}
{"logTime": "0508/145240", "correlationVector":"7psIW1LZRLfYAYFqTCr1iV.38","action":"GetUpdates", "result":"DeleteReceived", "context":{"id":"aac73409-2a2f-4fd7-9481-76c6985e8a0a", "isDeleted:":"true", "version":"1683525410280"}}
{"logTime": "0508/145240", "correlationVector":"7psIW1LZRLfYAYFqTCr1iV.39","action":"GetUpdates", "result":"DeleteReceived", "context":{"id":"ea1dc70f-a6c4-4b42-8170-8f62def4abe1", "isDeleted:":"true", "version":"1683526684611"}}
{"logTime": "0508/145240", "correlationVector":"7psIW1LZRLfYAYFqTCr1iV.40","action":"GetUpdates", "result":"DeleteReceived", "context":{"id":"a7d2d8c0-75fd-4906-9a38-08d9303ff8de", "isDeleted:":"true", "version":"1683528989317"}}
{"logTime": "0508/145240", "correlationVector":"7psIW1LZRLfYAYFqTCr1iV.41","action":"GetUpdates", "result":"DeleteReceived", "context":{"id":"54113f4a-de51-4aa4-83d4-38b5e97ea664", "isDeleted:":"true", "version":"1683530067588"}}
{"logTime": "0508/145240", "correlationVector":"7psIW1LZRLfYAYFqTCr1iV.42","action":"GetUpdates", "result":"DeleteReceived", "context":{"id":"cf106804-b959-45c0-b955-5c3d5a83528f", "isDeleted:":"true", "version":"1683530164931"}}
{"logTime": "0508/145240", "correlationVector":"7psIW1LZRLfYAYFqTCr1iV.43","action":"GetUpdates", "result":"DeleteReceived", "context":{"id":"2eef88d9-f955-4c8a-87e5-93f12cefec18", "isDeleted:":"true", "version":"1683532516516"}}
{"logTime": "0508/145240", "correlationVector":"7psIW1LZRLfYAYFqTCr1iV.44","action":"GetUpdates", "result":"DeleteReceived", "context":{"id":"0278bbf0-a18b-4beb-bed2-db0f311c3a7b", "isDeleted:":"true", "version":"1683532580705"}}
{"logTime": "0508/145240", "correlationVector":"7psIW1LZRLfYAYFqTCr1iV.45","action":"GetUpdates", "result":"DeleteReceived", "context":{"id":"c1cf82c3-3f1e-480f-b096-07dac2e25140", "isDeleted:":"true", "version":"1683532786361"}}
{"logTime": "0508/145240", "correlationVector":"7psIW1LZRLfYAYFqTCr1iV.46","action":"GetUpdates", "result":"DeleteReceived", "context":{"id":"ef304766-44a4-4fab-adb9-b0d9cfbf1b78", "isDeleted:":"true", "version":"1683532830993"}}
{"logTime": "0508/145240", "correlationVector":"7psIW1LZRLfYAYFqTCr1iV.47","action":"GetUpdates", "result":"DeleteReceived", "context":{"id":"8c3d5afb-e7f4-4133-853d-702628cc00d4", "isDeleted:":"true", "version":"1683532830994"}}
{"logTime": "0508/145240", "correlationVector":"7psIW1LZRLfYAYFqTCr1iV.48","action":"GetUpdates", "result":"DeleteReceived", "context":{"id":"062267ae-233b-4ead-952e-cfa2135c1a04", "isDeleted:":"true", "version":"1683532830996"}}
{"logTime": "0508/145240", "correlationVector":"7psIW1LZRLfYAYFqTCr1iV.49","action":"GetUpdates", "result":"DeleteReceived", "context":{"id":"db4a9810-9cd1-4d50-b91f-17b4ab5922e5", "isDeleted:":"true", "version":"1683532989289"}}
{"logTime": "0508/145240", "correlationVector":"7psIW1LZRLfYAYFqTCr1iV.50","action":"GetUpdates", "result":"DeleteReceived", "context":{"id":"7599c21b-f321-4df5-a54a-a53eab6561d8", "isDeleted:":"true", "version":"1683533022112"}}
{"logTime": "0508/145240", "correlationVector":"7psIW1LZRLfYAYFqTCr1iV.51","action":"GetUpdates", "result":"DeleteReceived", "context":{"id":"8ed7324d-e6ef-4d9b-b052-a910583d200e", "isDeleted:":"true", "version":"1683533022115"}}
{"logTime": "0508/145240", "correlationVector":"7psIW1LZRLfYAYFqTCr1iV.52","action":"GetUpdates", "result":"DeleteReceived", "context":{"id":"98bcd0d2-88a3-4e55-8b18-20c3a7f014a6", "isDeleted:":"true", "version":"1683534692057"}}
{"logTime": "0508/145240", "correlationVector":"7psIW1LZRLfYAYFqTCr1iV.53","action":"GetUpdates", "result":"DeleteReceived", "context":{"id":"970bc1e8-ef7c-4617-a168-fe758560b5a7", "isDeleted:":"true", "version":"1683534692058"}}
{"logTime": "0508/145240", "correlationVector":"7psIW1LZRLfYAYFqTCr1iV.54","action":"GetUpdates", "result":"DeleteReceived", "context":{"id":"f29e01f6-d438-4ed1-9ffb-9430f1eb3a1b", "isDeleted:":"true", "version":"1683534692060"}}
{"logTime": "0508/145240", "correlationVector":"7psIW1LZRLfYAYFqTCr1iV.55","action":"GetUpdates", "result":"DeleteReceived", "context":{"id":"5e56e414-0fb3-480e-be2d-ead731b7dec8", "isDeleted:":"true", "version":"1683536740313"}}
{"logTime": "0508/145240", "correlationVector":"7psIW1LZRLfYAYFqTCr1iV.56","action":"GetUpdates", "result":"DeleteReceived", "context":{"id":"565b5cfa-9e01-493b-9d52-76d695090ae8", "isDeleted:":"true", "version":"1683536740314"}}
{"logTime": "0508/145240", "correlationVector":"7psIW1LZRLfYAYFqTCr1iV.57","action":"GetUpdates", "result":"DeleteReceived", "context":{"id":"ba9957f1-5316-433a-818d-54c63ba5d473", "isDeleted:":"true", "version":"1683536740318"}}
{"logTime": "0508/145240", "correlationVector":"7psIW1LZRLfYAYFqTCr1iV.58","action":"GetUpdates", "result":"DeleteReceived", "context":{"id":"fffcbbbd-dbea-45b5-a8d8-0dc047d80e25", "isDeleted:":"true", "version":"1683536740319"}}
{"logTime": "0508/145240", "correlationVector":"7psIW1LZRLfYAYFqTCr1iV.59","action":"GetUpdates", "result":"DeleteReceived", "context":{"id":"37eaf56b-78bb-43ba-ae7b-3f04d0f95668", "isDeleted:":"true", "version":"1683536740321"}}
{"logTime": "0508/145240", "correlationVector":"7psIW1LZRLfYAYFqTCr1iV.60","action":"GetUpdates", "result":"DeleteReceived", "context":{"id":"73339938-5080-42b9-8716-2d65130efd98", "isDeleted:":"true", "version":"1683536740322"}}
{"logTime": "0508/145240", "correlationVector":"7psIW1LZRLfYAYFqTCr1iV.61","action":"GetUpdates", "result":"DeleteReceived", "context":{"id":"a22a085c-8ce9-47f1-b5db-29ec4a81e2f6", "isDeleted:":"true", "version":"1683536740323"}}
{"logTime": "0508/145240", "correlationVector":"7psIW1LZRLfYAYFqTCr1iV.62","action":"GetUpdates", "result":"DeleteReceived", "context":{"id":"0933e491-8d1b-4a8b-81de-32362938fcb2", "isDeleted:":"true", "version":"1683536853783"}}
{"logTime": "0508/145240", "correlationVector":"7psIW1LZRLfYAYFqTCr1iV.63","action":"GetUpdates", "result":"DeleteReceived", "context":{"id":"bb175c4e-d9b2-48d3-bcc5-fe82370016a8", "isDeleted:":"true", "version":"1683536853784"}}
{"logTime": "0508/145240", "correlationVector":"7psIW1LZRLfYAYFqTCr1iV.64","action":"GetUpdates", "result":"DeleteReceived", "context":{"id":"1a16faaa-e3b7-4be0-88df-72f37e53606c", "isDeleted:":"true", "version":"1683536853785"}}
{"logTime": "0508/145240", "correlationVector":"7psIW1LZRLfYAYFqTCr1iV.65","action":"GetUpdates", "result":"DeleteReceived", "context":{"id":"6e471ebf-3cbb-4b4c-b6dd-bb5d3ee45fd4", "isDeleted:":"true", "version":"1683538485707"}}
{"logTime": "0508/145240", "correlationVector":"7psIW1LZRLfYAYFqTCr1iV.66","action":"GetUpdates", "result":"DeleteReceived", "context":{"id":"a75823cc-33f3-4658-8447-3797f0bdbc4d", "isDeleted:":"true", "version":"1683538485708"}}
{"logTime": "0508/145240", "correlationVector":"7psIW1LZRLfYAYFqTCr1iV.67","action":"GetUpdates", "result":"DeleteReceived", "context":{"id":"8259cbdb-fe47-4769-a46a-7b39a73e14da", "isDeleted:":"true", "version":"1683553925296"}}
{"logTime": "0508/145240", "correlationVector":"7psIW1LZRLfYAYFqTCr1iV.68","action":"GetUpdates", "result":"DeleteReceived", "context":{"id":"1670d212-8275-4216-a443-cf341c5c196a", "isDeleted:":"true", "version":"1683555262978"}}
{"logTime": "0508/145240", "correlationVector":"7psIW1LZRLfYAYFqTCr1iV.69","action":"GetUpdates", "result":"DeleteReceived", "context":{"id":"d470b36e-7382-4c18-8604-d21c9478081a", "isDeleted:":"true", "version":"1683555262980"}}
{"logTime": "0508/145240", "correlationVector":"7psIW1LZRLfYAYFqTCr1iV.70","action":"GetUpdates", "result":"DeleteReceived", "context":{"id":"c8f0e286-b341-42cc-a090-d83714a307ac", "isDeleted:":"true", "version":"1683555312810"}}
{"logTime": "0508/145240", "correlationVector":"7psIW1LZRLfYAYFqTCr1iV.71","action":"GetUpdates", "result":"DeleteReceived", "context":{"id":"e89b1566-1fe0-4d1e-9a34-3dc95e0ba986", "isDeleted:":"true", "version":"1683555506705"}}
{"logTime": "0508/145240", "correlationVector":"7psIW1LZRLfYAYFqTCr1iV.72","action":"GetUpdates", "result":"DeleteReceived", "context":{"id":"2f51df61-96c7-47fd-989e-745d11646453", "isDeleted:":"true", "version":"1683556669832"}}
{"logTime": "0508/145240", "correlationVector":"7psIW1LZRLfYAYFqTCr1iV.73","action":"GetUpdates", "result":"DeleteReceived", "context":{"id":"cc375454-26f1-40c3-a357-f106ce67d745", "isDeleted:":"true", "version":"1683556669833"}}
{"logTime": "0508/145240", "correlationVector":"7psIW1LZRLfYAYFqTCr1iV.74","action":"GetUpdates", "result":"DeleteReceived", "context":{"id":"62748f7e-5037-4288-b6fa-d5c6271830c0", "isDeleted:":"true", "version":"1683556669834"}}
{"logTime": "0508/145240", "correlationVector":"7psIW1LZRLfYAYFqTCr1iV.75","action":"GetUpdates", "result":"DeleteReceived", "context":{"id":"3fcc0a57-cde2-44cd-8ded-86d453c1a446", "isDeleted:":"true", "version":"1683556669836"}}
{"logTime": "0508/145240", "correlationVector":"7psIW1LZRLfYAYFqTCr1iV.76","action":"GetUpdates Response", "result":"SYNCER_OK", "context":Received 195 update(s). cV=7psIW1LZRLfYAYFqTCr1iV.0;server=GENERAL0100000G;cloudType=Consumer;environment=Prod_SoutheastAsia_000j;migrationStage=NotStarted}
{"logTime": "0508/145357", "correlationVector":"miVXTfRdSpKmjMwV5MPI04","action":"Normal GetUpdate request", "result":"", "context":cV=miVXTfRdSpKmjMwV5MPI04
Notified types: Typed URLs}
{"logTime": "0508/145357", "correlationVector":"miVXTfRdSpKmjMwV5MPI04.1","action":"SyncServerConnectionManagerRequest", "result":"SYNC_SERVER_OK", "context":{"environment":"Prod_SoutheastAsia_000j", "migrationStage":"NotStarted", "server":"GENERAL0100000Q"}}
{"logTime": "0508/145357", "correlationVector":"miVXTfRdSpKmjMwV5MPI04.2","action":"GetUpdates Response", "result":"SYNCER_OK", "context":Received 3 update(s). cV=miVXTfRdSpKmjMwV5MPI04.0;server=GENERAL0100000Q;cloudType=Consumer;environment=Prod_SoutheastAsia_000j;migrationStage=NotStarted}
{"logTime": "0508/145515", "correlationVector":"Mvtc6HxBZZ82pFnyCr1zFx","action":"Poll GetUpdate request", "result":"", "context":cV=Mvtc6HxBZZ82pFnyCr1zFx}
{"logTime": "0508/145515", "correlationVector":"Mvtc6HxBZZ82pFnyCr1zFx.1","action":"SyncServerConnectionManagerRequest", "result":"SYNC_SERVER_OK", "context":{"environment":"Prod_SoutheastAsia_000j", "migrationStage":"NotStarted", "server":"GENERAL01000008"}}
{"logTime": "0508/145515", "correlationVector":"Mvtc6HxBZZ82pFnyCr1zFx.2","action":"GetUpdates Response", "result":"SYNCER_OK", "context":Received 0 update(s). cV=Mvtc6HxBZZ82pFnyCr1zFx.0;server=GENERAL01000008;cloudType=Consumer;environment=Prod_SoutheastAsia_000j;migrationStage=NotStarted}
{"logTime": "0508/145517", "correlationVector":"vh1WQBpxfppYfoPgAUaGvN","action":"Normal GetUpdate request", "result":"", "context":cV=vh1WQBpxfppYfoPgAUaGvN
Notified types: Typed URLs}
{"logTime": "0508/145517", "correlationVector":"vh1WQBpxfppYfoPgAUaGvN.1","action":"SyncServerConnectionManagerRequest", "result":"SYNC_SERVER_OK", "context":{"environment":"Prod_SoutheastAsia_000j", "migrationStage":"NotStarted", "server":"GENERAL01000014"}}
{"logTime": "0508/145517", "correlationVector":"vh1WQBpxfppYfoPgAUaGvN.2","action":"GetUpdates Response", "result":"SYNCER_OK", "context":Received 3 update(s). cV=vh1WQBpxfppYfoPgAUaGvN.0;server=GENERAL01000014;cloudType=Consumer;environment=Prod_SoutheastAsia_000j;migrationStage=NotStarted}
{"logTime": "0508/145844", "correlationVector":"Roq94I/kWV9ysL9ar0YhN9","action":"Normal GetUpdate request", "result":"", "context":cV=Roq94I/kWV9ysL9ar0YhN9
Notified types: Typed URLs}
{"logTime": "0508/145845", "correlationVector":"Roq94I/kWV9ysL9ar0YhN9.1","action":"SyncServerConnectionManagerRequest", "result":"SYNC_SERVER_OK", "context":{"environment":"Prod_SoutheastAsia_000j", "migrationStage":"NotStarted", "server":"GENERAL0100000W"}}
{"logTime": "0508/145845", "correlationVector":"Roq94I/kWV9ysL9ar0YhN9.2","action":"GetUpdates", "result":"DeleteReceived", "context":{"id":"b56073b7-ca33-4e49-9323-7f2d836e9aac", "isDeleted:":"true", "version":"1683557871555"}}
{"logTime": "0508/145845", "correlationVector":"Roq94I/kWV9ysL9ar0YhN9.3","action":"GetUpdates Response", "result":"SYNCER_OK", "context":Received 6 update(s). cV=Roq94I/kWV9ysL9ar0YhN9.0;server=GENERAL0100000W;cloudType=Consumer;environment=Prod_SoutheastAsia_000j;migrationStage=NotStarted}
{"logTime": "0508/145923", "correlationVector":"AGwbOQdptWYnjCdLgEbCVb","action":"Normal GetUpdate request", "result":"", "context":cV=AGwbOQdptWYnjCdLgEbCVb
Notified types: Typed URLs}
{"logTime": "0508/145923", "correlationVector":"AGwbOQdptWYnjCdLgEbCVb.1","action":"SyncServerConnectionManagerRequest", "result":"SYNC_SERVER_OK", "context":{"environment":"Prod_SoutheastAsia_000j", "migrationStage":"NotStarted", "server":"GENERAL0100000P"}}
{"logTime": "0508/145923", "correlationVector":"AGwbOQdptWYnjCdLgEbCVb.2","action":"GetUpdates Response", "result":"SYNCER_OK", "context":Received 3 update(s). cV=AGwbOQdptWYnjCdLgEbCVb.0;server=GENERAL0100000P;cloudType=Consumer;environment=Prod_SoutheastAsia_000j;migrationStage=NotStarted}
{"logTime": "0508/145956", "correlationVector":"v0JijNTEmvtw2ikU+O+xR9","action":"Normal GetUpdate request", "result":"", "context":cV=v0JijNTEmvtw2ikU+O+xR9
Notified types: Typed URLs}
{"logTime": "0508/145956", "correlationVector":"v0JijNTEmvtw2ikU+O+xR9.1","action":"SyncServerConnectionManagerRequest", "result":"SYNC_SERVER_OK", "context":{"environment":"Prod_SoutheastAsia_000j", "migrationStage":"NotStarted", "server":"GENERAL01000008"}}
{"logTime": "0508/145956", "correlationVector":"v0JijNTEmvtw2ikU+O+xR9.2","action":"GetUpdates Response", "result":"SYNCER_OK", "context":Received 2 update(s). cV=v0JijNTEmvtw2ikU+O+xR9.0;server=GENERAL01000008;cloudType=Consumer;environment=Prod_SoutheastAsia_000j;migrationStage=NotStarted}
{"logTime": "0508/150043", "correlationVector":"bdj6YdLMyInyhYikEL4jEW","action":"Normal GetUpdate request", "result":"", "context":cV=bdj6YdLMyInyhYikEL4jEW
Notified types: Typed URLs}
{"logTime": "0508/150043", "correlationVector":"bdj6YdLMyInyhYikEL4jEW.1","action":"SyncServerConnectionManagerRequest", "result":"SYNC_SERVER_OK", "context":{"environment":"Prod_SoutheastAsia_000j", "migrationStage":"NotStarted", "server":"general0100001G"}}
{"logTime": "0508/150044", "correlationVector":"bdj6YdLMyInyhYikEL4jEW.2","action":"GetUpdates Response", "result":"SYNCER_OK", "context":Received 2 update(s). cV=bdj6YdLMyInyhYikEL4jEW.0;server=general0100001G;cloudType=Consumer;environment=Prod_SoutheastAsia_000j;migrationStage=NotStarted}
{"logTime": "0508/150322", "correlationVector":"YwqZZZ7tGMjzBp7VCrJx9l","action":"Normal GetUpdate request", "result":"", "context":cV=YwqZZZ7tGMjzBp7VCrJx9l
Notified types: Typed URLs}
{"logTime": "0508/150322", "correlationVector":"YwqZZZ7tGMjzBp7VCrJx9l.1","action":"SyncServerConnectionManagerRequest", "result":"SYNC_SERVER_OK", "context":{"environment":"Prod_SoutheastAsia_000j", "migrationStage":"NotStarted", "server":"GENERAL0100001I"}}
{"logTime": "0508/150322", "correlationVector":"YwqZZZ7tGMjzBp7VCrJx9l.2","action":"GetUpdates Response", "result":"SYNCER_OK", "context":Received 3 update(s). cV=YwqZZZ7tGMjzBp7VCrJx9l.0;server=GENERAL0100001I;cloudType=Consumer;environment=Prod_SoutheastAsia_000j;migrationStage=NotStarted}
{"logTime": "0508/151035", "correlationVector":"nbIqMdyg6PNsKyZPARyDGk","action":"Normal GetUpdate request", "result":"", "context":cV=nbIqMdyg6PNsKyZPARyDGk
Notified types: Typed URLs}
{"logTime": "0508/151036", "correlationVector":"nbIqMdyg6PNsKyZPARyDGk.1","action":"SyncServerConnectionManagerRequest", "result":"SYNC_SERVER_OK", "context":{"environment":"Prod_SoutheastAsia_000j", "migrationStage":"NotStarted", "server":"GENERAL0100000N"}}
{"logTime": "0508/151036", "correlationVector":"nbIqMdyg6PNsKyZPARyDGk.2","action":"GetUpdates", "result":"DeleteReceived", "context":{"id":"b05c4e5f-0bbf-4200-8074-0fb631ca8a7f", "isDeleted:":"true", "version":"1683558433973"}}
{"logTime": "0508/151036", "correlationVector":"nbIqMdyg6PNsKyZPARyDGk.3","action":"GetUpdates Response", "result":"SYNCER_OK", "context":Received 7 update(s). cV=nbIqMdyg6PNsKyZPARyDGk.0;server=GENERAL0100000N;cloudType=Consumer;environment=Prod_SoutheastAsia_000j;migrationStage=NotStarted}
{"logTime": "0508/152456", "correlationVector":"RK3LsTQ+m3nEOsg7CdMeSX","action":"Normal GetUpdate request", "result":"", "context":cV=RK3LsTQ+m3nEOsg7CdMeSX
Notified types: Typed URLs}
{"logTime": "0508/152457", "correlationVector":"RK3LsTQ+m3nEOsg7CdMeSX.1","action":"SyncServerConnectionManagerRequest", "result":"SYNC_SERVER_OK", "context":{"environment":"Prod_SoutheastAsia_000j", "migrationStage":"NotStarted", "server":"GENERAL0100000G"}}
{"logTime": "0508/152457", "correlationVector":"RK3LsTQ+m3nEOsg7CdMeSX.2","action":"GetUpdates", "result":"DeleteReceived", "context":{"id":"fd9ecdfe-2e7b-4b92-957c-649bdd05bd8a", "isDeleted:":"true", "version":"1683559270113"}}
{"logTime": "0508/152457", "correlationVector":"RK3LsTQ+m3nEOsg7CdMeSX.3","action":"GetUpdates", "result":"DeleteReceived", "context":{"id":"87f8eef6-8f1c-40ac-930e-2a3d81f1afc5", "isDeleted:":"true", "version":"1683559310947"}}
{"logTime": "0508/152457", "correlationVector":"RK3LsTQ+m3nEOsg7CdMeSX.4","action":"GetUpdates", "result":"DeleteReceived", "context":{"id":"9e0bac4c-ab02-44a8-baf2-5cfe39608808", "isDeleted:":"true", "version":"1683559379040"}}
{"logTime": "0508/152457", "correlationVector":"RK3LsTQ+m3nEOsg7CdMeSX.5","action":"GetUpdates Response", "result":"SYNCER_OK", "context":Received 8 update(s). cV=RK3LsTQ+m3nEOsg7CdMeSX.0;server=GENERAL0100000G;cloudType=Consumer;environment=Prod_SoutheastAsia_000j;migrationStage=NotStarted}
